C:\Users\gvillalobos\Desktop\SIGECOdiskeFull1\wwwroot\bootstrap4\
C:\Users\gvillalobos\Desktop\SIGECOdiskeFull1\wwwroot\colorbox\
C:\Users\gvillalobos\Desktop\SIGECOdiskeFull1\wwwroot\adminlte3\
C:\Users\gvillalobos\Desktop\SIGECOdiskeFull1\wwwroot\fonts\
C:\Users\gvillalobos\Desktop\SIGECOdiskeFull1\wwwroot\plugins\
C:\Users\gvillalobos\Desktop\SIGECOdiskeFull1\wwwroot\js\
C:\Users\gvillalobos\Desktop\SIGECOdiskeFull1\wwwroot\moment\
C:\Users\gvillalobos\Desktop\SIGECOdiskeFull1\wwwroot\js\jsrender.min.js
C:\Users\gvillalobos\Desktop\SIGECOdiskeFull1\wwwroot\js\typeahead.jquery.js
C:\Users\gvillalobos\Desktop\SIGECOdiskeFull1\wwwroot\js\mobile-detect.min.js
C:\Users\gvillalobos\Desktop\SIGECOdiskeFull1\wwwroot\adminlte3\js\adminlte.js
C:\Users\gvillalobos\Desktop\SIGECOdiskeFull1\wwwroot\css\jquery.fileupload.css
C:\Users\gvillalobos\Desktop\SIGECOdiskeFull1\wwwroot\css\jquery.fileupload-ui.css
C:\Users\gvillalobos\Desktop\SIGECOdiskeFull1\wwwroot\js\ew.js
C:\Users\gvillalobos\Desktop\SIGECOdiskeFull1\wwwroot\html\
C:\Users\gvillalobos\Desktop\SIGECOdiskeFull1\wwwroot\js\Mobile_Detect.json
C:\Users\gvillalobos\Desktop\SIGECOdiskeFull1\wwwroot\js\bootstrap-datetimepicker.js
C:\Users\gvillalobos\Desktop\SIGECOdiskeFull1\wwwroot\js\ewdatetimepicker.js
C:\Users\gvillalobos\Desktop\SIGECOdiskeFull1\wwwroot\css\bootstrap-datetimepicker.scss
C:\Users\gvillalobos\Desktop\SIGECOdiskeFull1\wwwroot\ckeditor\
C:\Users\gvillalobos\Desktop\SIGECOdiskeFull1\Controllers\AntecedenteDentalcontroller.cs
C:\Users\gvillalobos\Desktop\SIGECOdiskeFull1\Models\AntecedenteDentalinfo.cs
C:\Users\gvillalobos\Desktop\SIGECOdiskeFull1\Views\Home\AntecedenteDentallist.cshtml
C:\Users\gvillalobos\Desktop\SIGECOdiskeFull1\Models\AntecedenteDentallist.cs
C:\Users\gvillalobos\Desktop\SIGECOdiskeFull1\Views\Home\AntecedenteDentaladd.cshtml
C:\Users\gvillalobos\Desktop\SIGECOdiskeFull1\Models\AntecedenteDentaladd.cs
C:\Users\gvillalobos\Desktop\SIGECOdiskeFull1\Views\Home\AntecedenteDentalview.cshtml
C:\Users\gvillalobos\Desktop\SIGECOdiskeFull1\Models\AntecedenteDentalview.cs
C:\Users\gvillalobos\Desktop\SIGECOdiskeFull1\Views\Home\AntecedenteDentaledit.cshtml
C:\Users\gvillalobos\Desktop\SIGECOdiskeFull1\Models\AntecedenteDentaledit.cs
C:\Users\gvillalobos\Desktop\SIGECOdiskeFull1\Views\Home\AntecedenteDentaldelete.cshtml
C:\Users\gvillalobos\Desktop\SIGECOdiskeFull1\Models\AntecedenteDentaldelete.cs
C:\Users\gvillalobos\Desktop\SIGECOdiskeFull1\Controllers\AntecedenteFamiliarcontroller.cs
C:\Users\gvillalobos\Desktop\SIGECOdiskeFull1\Models\AntecedenteFamiliarinfo.cs
C:\Users\gvillalobos\Desktop\SIGECOdiskeFull1\Views\Home\AntecedenteFamiliarlist.cshtml
C:\Users\gvillalobos\Desktop\SIGECOdiskeFull1\Models\AntecedenteFamiliarlist.cs
C:\Users\gvillalobos\Desktop\SIGECOdiskeFull1\Views\Home\AntecedenteFamiliaradd.cshtml
C:\Users\gvillalobos\Desktop\SIGECOdiskeFull1\Models\AntecedenteFamiliaradd.cs
C:\Users\gvillalobos\Desktop\SIGECOdiskeFull1\Views\Home\AntecedenteFamiliarview.cshtml
C:\Users\gvillalobos\Desktop\SIGECOdiskeFull1\Models\AntecedenteFamiliarview.cs
C:\Users\gvillalobos\Desktop\SIGECOdiskeFull1\Views\Home\AntecedenteFamiliaredit.cshtml
C:\Users\gvillalobos\Desktop\SIGECOdiskeFull1\Models\AntecedenteFamiliaredit.cs
C:\Users\gvillalobos\Desktop\SIGECOdiskeFull1\Views\Home\AntecedenteFamiliardelete.cshtml
C:\Users\gvillalobos\Desktop\SIGECOdiskeFull1\Models\AntecedenteFamiliardelete.cs
C:\Users\gvillalobos\Desktop\SIGECOdiskeFull1\Controllers\Catalogocontroller.cs
C:\Users\gvillalobos\Desktop\SIGECOdiskeFull1\Models\Catalogoinfo.cs
C:\Users\gvillalobos\Desktop\SIGECOdiskeFull1\Views\Home\Catalogomaster.cshtml
C:\Users\gvillalobos\Desktop\SIGECOdiskeFull1\Views\Home\Catalogolist.cshtml
C:\Users\gvillalobos\Desktop\SIGECOdiskeFull1\Models\Catalogolist.cs
C:\Users\gvillalobos\Desktop\SIGECOdiskeFull1\Views\Home\Catalogoadd.cshtml
C:\Users\gvillalobos\Desktop\SIGECOdiskeFull1\Models\Catalogoadd.cs
C:\Users\gvillalobos\Desktop\SIGECOdiskeFull1\Views\Home\Catalogoview.cshtml
C:\Users\gvillalobos\Desktop\SIGECOdiskeFull1\Models\Catalogoview.cs
C:\Users\gvillalobos\Desktop\SIGECOdiskeFull1\Views\Home\Catalogoedit.cshtml
C:\Users\gvillalobos\Desktop\SIGECOdiskeFull1\Models\Catalogoedit.cs
C:\Users\gvillalobos\Desktop\SIGECOdiskeFull1\Views\Home\Catalogodelete.cshtml
C:\Users\gvillalobos\Desktop\SIGECOdiskeFull1\Models\Catalogodelete.cs
C:\Users\gvillalobos\Desktop\SIGECOdiskeFull1\Controllers\Citacontroller.cs
C:\Users\gvillalobos\Desktop\SIGECOdiskeFull1\Models\Citainfo.cs
C:\Users\gvillalobos\Desktop\SIGECOdiskeFull1\Views\Home\Citalist.cshtml
C:\Users\gvillalobos\Desktop\SIGECOdiskeFull1\Models\Citalist.cs
C:\Users\gvillalobos\Desktop\SIGECOdiskeFull1\Views\Home\Citaadd.cshtml
C:\Users\gvillalobos\Desktop\SIGECOdiskeFull1\Models\Citaadd.cs
C:\Users\gvillalobos\Desktop\SIGECOdiskeFull1\Views\Home\Citaview.cshtml
C:\Users\gvillalobos\Desktop\SIGECOdiskeFull1\Models\Citaview.cs
C:\Users\gvillalobos\Desktop\SIGECOdiskeFull1\Views\Home\Citaedit.cshtml
C:\Users\gvillalobos\Desktop\SIGECOdiskeFull1\Models\Citaedit.cs
C:\Users\gvillalobos\Desktop\SIGECOdiskeFull1\Views\Home\Citadelete.cshtml
C:\Users\gvillalobos\Desktop\SIGECOdiskeFull1\Models\Citadelete.cs
C:\Users\gvillalobos\Desktop\SIGECOdiskeFull1\Controllers\ExamenComplementariocontroller.cs
C:\Users\gvillalobos\Desktop\SIGECOdiskeFull1\Models\ExamenComplementarioinfo.cs
C:\Users\gvillalobos\Desktop\SIGECOdiskeFull1\Views\Home\ExamenComplementariolist.cshtml
C:\Users\gvillalobos\Desktop\SIGECOdiskeFull1\Models\ExamenComplementariolist.cs
C:\Users\gvillalobos\Desktop\SIGECOdiskeFull1\Views\Home\ExamenComplementarioadd.cshtml
C:\Users\gvillalobos\Desktop\SIGECOdiskeFull1\Models\ExamenComplementarioadd.cs
C:\Users\gvillalobos\Desktop\SIGECOdiskeFull1\Views\Home\ExamenComplementarioview.cshtml
C:\Users\gvillalobos\Desktop\SIGECOdiskeFull1\Models\ExamenComplementarioview.cs
C:\Users\gvillalobos\Desktop\SIGECOdiskeFull1\Views\Home\ExamenComplementarioedit.cshtml
C:\Users\gvillalobos\Desktop\SIGECOdiskeFull1\Models\ExamenComplementarioedit.cs
C:\Users\gvillalobos\Desktop\SIGECOdiskeFull1\Views\Home\ExamenComplementariodelete.cshtml
C:\Users\gvillalobos\Desktop\SIGECOdiskeFull1\Models\ExamenComplementariodelete.cs
C:\Users\gvillalobos\Desktop\SIGECOdiskeFull1\Controllers\Expedientecontroller.cs
C:\Users\gvillalobos\Desktop\SIGECOdiskeFull1\Models\Expedienteinfo.cs
C:\Users\gvillalobos\Desktop\SIGECOdiskeFull1\Views\Home\Expedientelist.cshtml
C:\Users\gvillalobos\Desktop\SIGECOdiskeFull1\Models\Expedientelist.cs
C:\Users\gvillalobos\Desktop\SIGECOdiskeFull1\Views\Home\Expedientegrid.cshtml
C:\Users\gvillalobos\Desktop\SIGECOdiskeFull1\Models\Expedientegrid.cs
C:\Users\gvillalobos\Desktop\SIGECOdiskeFull1\Views\Home\Expedienteadd.cshtml
C:\Users\gvillalobos\Desktop\SIGECOdiskeFull1\Models\Expedienteadd.cs
C:\Users\gvillalobos\Desktop\SIGECOdiskeFull1\Views\Home\Expedienteview.cshtml
C:\Users\gvillalobos\Desktop\SIGECOdiskeFull1\Models\Expedienteview.cs
C:\Users\gvillalobos\Desktop\SIGECOdiskeFull1\Views\Home\Expedienteedit.cshtml
C:\Users\gvillalobos\Desktop\SIGECOdiskeFull1\Models\Expedienteedit.cs
C:\Users\gvillalobos\Desktop\SIGECOdiskeFull1\Views\Home\Expedientedelete.cshtml
C:\Users\gvillalobos\Desktop\SIGECOdiskeFull1\Models\Expedientedelete.cs
C:\Users\gvillalobos\Desktop\SIGECOdiskeFull1\Controllers\Odontogramacontroller.cs
C:\Users\gvillalobos\Desktop\SIGECOdiskeFull1\Models\Odontogramainfo.cs
C:\Users\gvillalobos\Desktop\SIGECOdiskeFull1\Views\Home\Odontogramalist.cshtml
C:\Users\gvillalobos\Desktop\SIGECOdiskeFull1\Models\Odontogramalist.cs
C:\Users\gvillalobos\Desktop\SIGECOdiskeFull1\Views\Home\Odontogramaadd.cshtml
C:\Users\gvillalobos\Desktop\SIGECOdiskeFull1\Models\Odontogramaadd.cs
C:\Users\gvillalobos\Desktop\SIGECOdiskeFull1\Views\Home\Odontogramaview.cshtml
C:\Users\gvillalobos\Desktop\SIGECOdiskeFull1\Models\Odontogramaview.cs
C:\Users\gvillalobos\Desktop\SIGECOdiskeFull1\Views\Home\Odontogramaedit.cshtml
C:\Users\gvillalobos\Desktop\SIGECOdiskeFull1\Models\Odontogramaedit.cs
C:\Users\gvillalobos\Desktop\SIGECOdiskeFull1\Views\Home\Odontogramadelete.cshtml
C:\Users\gvillalobos\Desktop\SIGECOdiskeFull1\Models\Odontogramadelete.cs
C:\Users\gvillalobos\Desktop\SIGECOdiskeFull1\Controllers\Pacientecontroller.cs
C:\Users\gvillalobos\Desktop\SIGECOdiskeFull1\Models\Pacienteinfo.cs
C:\Users\gvillalobos\Desktop\SIGECOdiskeFull1\Views\Home\Pacientemaster.cshtml
C:\Users\gvillalobos\Desktop\SIGECOdiskeFull1\Views\Home\Pacientelist.cshtml
C:\Users\gvillalobos\Desktop\SIGECOdiskeFull1\Models\Pacientelist.cs
C:\Users\gvillalobos\Desktop\SIGECOdiskeFull1\Views\Home\Pacienteadd.cshtml
C:\Users\gvillalobos\Desktop\SIGECOdiskeFull1\Models\Pacienteadd.cs
C:\Users\gvillalobos\Desktop\SIGECOdiskeFull1\Views\Home\Pacienteview.cshtml
C:\Users\gvillalobos\Desktop\SIGECOdiskeFull1\Models\Pacienteview.cs
C:\Users\gvillalobos\Desktop\SIGECOdiskeFull1\Views\Home\Pacienteedit.cshtml
C:\Users\gvillalobos\Desktop\SIGECOdiskeFull1\Models\Pacienteedit.cs
C:\Users\gvillalobos\Desktop\SIGECOdiskeFull1\Views\Home\Pacientedelete.cshtml
C:\Users\gvillalobos\Desktop\SIGECOdiskeFull1\Models\Pacientedelete.cs
C:\Users\gvillalobos\Desktop\SIGECOdiskeFull1\Controllers\Periodontogramacontroller.cs
C:\Users\gvillalobos\Desktop\SIGECOdiskeFull1\Models\Periodontogramainfo.cs
C:\Users\gvillalobos\Desktop\SIGECOdiskeFull1\Views\Home\Periodontogramalist.cshtml
C:\Users\gvillalobos\Desktop\SIGECOdiskeFull1\Models\Periodontogramalist.cs
C:\Users\gvillalobos\Desktop\SIGECOdiskeFull1\Views\Home\Periodontogramaadd.cshtml
C:\Users\gvillalobos\Desktop\SIGECOdiskeFull1\Models\Periodontogramaadd.cs
C:\Users\gvillalobos\Desktop\SIGECOdiskeFull1\Views\Home\Periodontogramaview.cshtml
C:\Users\gvillalobos\Desktop\SIGECOdiskeFull1\Models\Periodontogramaview.cs
C:\Users\gvillalobos\Desktop\SIGECOdiskeFull1\Views\Home\Periodontogramaedit.cshtml
C:\Users\gvillalobos\Desktop\SIGECOdiskeFull1\Models\Periodontogramaedit.cs
C:\Users\gvillalobos\Desktop\SIGECOdiskeFull1\Views\Home\Periodontogramadelete.cshtml
C:\Users\gvillalobos\Desktop\SIGECOdiskeFull1\Models\Periodontogramadelete.cs
C:\Users\gvillalobos\Desktop\SIGECOdiskeFull1\Controllers\Placagramacontroller.cs
C:\Users\gvillalobos\Desktop\SIGECOdiskeFull1\Models\Placagramainfo.cs
C:\Users\gvillalobos\Desktop\SIGECOdiskeFull1\Views\Home\Placagramalist.cshtml
C:\Users\gvillalobos\Desktop\SIGECOdiskeFull1\Models\Placagramalist.cs
C:\Users\gvillalobos\Desktop\SIGECOdiskeFull1\Views\Home\Placagramaadd.cshtml
C:\Users\gvillalobos\Desktop\SIGECOdiskeFull1\Models\Placagramaadd.cs
C:\Users\gvillalobos\Desktop\SIGECOdiskeFull1\Views\Home\Placagramaview.cshtml
C:\Users\gvillalobos\Desktop\SIGECOdiskeFull1\Models\Placagramaview.cs
C:\Users\gvillalobos\Desktop\SIGECOdiskeFull1\Views\Home\Placagramaedit.cshtml
C:\Users\gvillalobos\Desktop\SIGECOdiskeFull1\Models\Placagramaedit.cs
C:\Users\gvillalobos\Desktop\SIGECOdiskeFull1\Views\Home\Placagramadelete.cshtml
C:\Users\gvillalobos\Desktop\SIGECOdiskeFull1\Models\Placagramadelete.cs
C:\Users\gvillalobos\Desktop\SIGECOdiskeFull1\Controllers\Tratamientocontroller.cs
C:\Users\gvillalobos\Desktop\SIGECOdiskeFull1\Models\Tratamientoinfo.cs
C:\Users\gvillalobos\Desktop\SIGECOdiskeFull1\Views\Home\Tratamientolist.cshtml
C:\Users\gvillalobos\Desktop\SIGECOdiskeFull1\Models\Tratamientolist.cs
C:\Users\gvillalobos\Desktop\SIGECOdiskeFull1\Views\Home\Tratamientoadd.cshtml
C:\Users\gvillalobos\Desktop\SIGECOdiskeFull1\Models\Tratamientoadd.cs
C:\Users\gvillalobos\Desktop\SIGECOdiskeFull1\Views\Home\Tratamientoview.cshtml
C:\Users\gvillalobos\Desktop\SIGECOdiskeFull1\Models\Tratamientoview.cs
C:\Users\gvillalobos\Desktop\SIGECOdiskeFull1\Views\Home\Tratamientoedit.cshtml
C:\Users\gvillalobos\Desktop\SIGECOdiskeFull1\Models\Tratamientoedit.cs
C:\Users\gvillalobos\Desktop\SIGECOdiskeFull1\Views\Home\Tratamientodelete.cshtml
C:\Users\gvillalobos\Desktop\SIGECOdiskeFull1\Models\Tratamientodelete.cs
C:\Users\gvillalobos\Desktop\SIGECOdiskeFull1\Controllers\TratamientoRealizadocontroller.cs
C:\Users\gvillalobos\Desktop\SIGECOdiskeFull1\Models\TratamientoRealizadoinfo.cs
C:\Users\gvillalobos\Desktop\SIGECOdiskeFull1\Views\Home\TratamientoRealizadolist.cshtml
C:\Users\gvillalobos\Desktop\SIGECOdiskeFull1\Models\TratamientoRealizadolist.cs
C:\Users\gvillalobos\Desktop\SIGECOdiskeFull1\Views\Home\TratamientoRealizadoadd.cshtml
C:\Users\gvillalobos\Desktop\SIGECOdiskeFull1\Models\TratamientoRealizadoadd.cs
C:\Users\gvillalobos\Desktop\SIGECOdiskeFull1\Views\Home\TratamientoRealizadoview.cshtml
C:\Users\gvillalobos\Desktop\SIGECOdiskeFull1\Models\TratamientoRealizadoview.cs
C:\Users\gvillalobos\Desktop\SIGECOdiskeFull1\Views\Home\TratamientoRealizadoedit.cshtml
C:\Users\gvillalobos\Desktop\SIGECOdiskeFull1\Models\TratamientoRealizadoedit.cs
C:\Users\gvillalobos\Desktop\SIGECOdiskeFull1\Views\Home\TratamientoRealizadodelete.cshtml
C:\Users\gvillalobos\Desktop\SIGECOdiskeFull1\Models\TratamientoRealizadodelete.cs
C:\Users\gvillalobos\Desktop\SIGECOdiskeFull1\Controllers\Usuariocontroller.cs
C:\Users\gvillalobos\Desktop\SIGECOdiskeFull1\Models\Usuarioinfo.cs
C:\Users\gvillalobos\Desktop\SIGECOdiskeFull1\Views\Home\Usuariolist.cshtml
C:\Users\gvillalobos\Desktop\SIGECOdiskeFull1\Models\Usuariolist.cs
C:\Users\gvillalobos\Desktop\SIGECOdiskeFull1\Views\Home\Usuarioadd.cshtml
C:\Users\gvillalobos\Desktop\SIGECOdiskeFull1\Models\Usuarioadd.cs
C:\Users\gvillalobos\Desktop\SIGECOdiskeFull1\Views\Home\Usuarioview.cshtml
C:\Users\gvillalobos\Desktop\SIGECOdiskeFull1\Models\Usuarioview.cs
C:\Users\gvillalobos\Desktop\SIGECOdiskeFull1\Views\Home\Usuarioedit.cshtml
C:\Users\gvillalobos\Desktop\SIGECOdiskeFull1\Models\Usuarioedit.cs
C:\Users\gvillalobos\Desktop\SIGECOdiskeFull1\Views\Home\Usuariodelete.cshtml
C:\Users\gvillalobos\Desktop\SIGECOdiskeFull1\Models\Usuariodelete.cs
C:\Users\gvillalobos\Desktop\SIGECOdiskeFull1\Controllers\ValorCatalogocontroller.cs
C:\Users\gvillalobos\Desktop\SIGECOdiskeFull1\Models\ValorCatalogoinfo.cs
C:\Users\gvillalobos\Desktop\SIGECOdiskeFull1\Views\Home\ValorCatalogolist.cshtml
C:\Users\gvillalobos\Desktop\SIGECOdiskeFull1\Models\ValorCatalogolist.cs
C:\Users\gvillalobos\Desktop\SIGECOdiskeFull1\Views\Home\ValorCatalogogrid.cshtml
C:\Users\gvillalobos\Desktop\SIGECOdiskeFull1\Models\ValorCatalogogrid.cs
C:\Users\gvillalobos\Desktop\SIGECOdiskeFull1\Views\Home\ValorCatalogoadd.cshtml
C:\Users\gvillalobos\Desktop\SIGECOdiskeFull1\Models\ValorCatalogoadd.cs
C:\Users\gvillalobos\Desktop\SIGECOdiskeFull1\Views\Home\ValorCatalogoview.cshtml
C:\Users\gvillalobos\Desktop\SIGECOdiskeFull1\Models\ValorCatalogoview.cs
C:\Users\gvillalobos\Desktop\SIGECOdiskeFull1\Views\Home\ValorCatalogoedit.cshtml
C:\Users\gvillalobos\Desktop\SIGECOdiskeFull1\Models\ValorCatalogoedit.cs
C:\Users\gvillalobos\Desktop\SIGECOdiskeFull1\Views\Home\ValorCatalogodelete.cshtml
C:\Users\gvillalobos\Desktop\SIGECOdiskeFull1\Models\ValorCatalogodelete.cs
C:\Users\gvillalobos\Desktop\SIGECOdiskeFull1\Models\vwPacienteExpedienteinfo.cs
C:\Users\gvillalobos\Desktop\SIGECOdiskeFull1\Models\ewcfg.cs
C:\Users\gvillalobos\Desktop\SIGECOdiskeFull1\Models\ewexcelcfg.cs
C:\Users\gvillalobos\Desktop\SIGECOdiskeFull1\Models\ewglobal.cs
C:\Users\gvillalobos\Desktop\SIGECOdiskeFull1\Views\Shared\_Layout.cshtml
C:\Users\gvillalobos\Desktop\SIGECOdiskeFull1\Views\Shared\ewmenu.cshtml
C:\Users\gvillalobos\Desktop\SIGECOdiskeFull1\Models\ewmenu.cs
C:\Users\gvillalobos\Desktop\SIGECOdiskeFull1\Models\aspnetfn.cs
C:\Users\gvillalobos\Desktop\SIGECOdiskeFull1\Models\ewevent.cs
C:\Users\gvillalobos\Desktop\SIGECOdiskeFull1\wwwroot\js\userfn.js
C:\Users\gvillalobos\Desktop\SIGECOdiskeFull1\wwwroot\js\userevt.js
C:\Users\gvillalobos\Desktop\SIGECOdiskeFull1\Models\FileViewer.cs
C:\Users\gvillalobos\Desktop\SIGECOdiskeFull1\Models\Ewupload.cs
C:\Users\gvillalobos\Desktop\SIGECOdiskeFull1\Views\Shared\ewemail.cshtml
C:\Users\gvillalobos\Desktop\SIGECOdiskeFull1\Views\Home\PersonalData.cshtml
C:\Users\gvillalobos\Desktop\SIGECOdiskeFull1\Models\PersonalData.cs
C:\Users\gvillalobos\Desktop\SIGECOdiskeFull1\Views\Home\login.cshtml
C:\Users\gvillalobos\Desktop\SIGECOdiskeFull1\Models\login.cs
C:\Users\gvillalobos\Desktop\SIGECOdiskeFull1\Models\logout.cs
C:\Users\gvillalobos\Desktop\SIGECOdiskeFull1\Views\Home\Index.cshtml
C:\Users\gvillalobos\Desktop\SIGECOdiskeFull1\Models\Index.cs
C:\Users\gvillalobos\Desktop\SIGECOdiskeFull1\Controllers\ewcontroller.cs
C:\Users\gvillalobos\Desktop\SIGECOdiskeFull1\Controllers\apicontroller.cs
C:\Users\gvillalobos\Desktop\SIGECOdiskeFull1\Views\Shared\Error.cshtml
C:\Users\gvillalobos\Desktop\SIGECOdiskeFull1\Models\Error.cs
C:\Users\gvillalobos\Desktop\SIGECOdiskeFull1\appsettings.json
C:\Users\gvillalobos\Desktop\SIGECOdiskeFull1\appsettings.Development.json
C:\Users\gvillalobos\Desktop\SIGECOdiskeFull1\Program.cs
C:\Users\gvillalobos\Desktop\SIGECOdiskeFull1\Startup.cs
C:\Users\gvillalobos\Desktop\SIGECOdiskeFull1\Properties\launchSettings.json
C:\Users\gvillalobos\Desktop\SIGECOdiskeFull1\Views\_ViewImports.cshtml
C:\Users\gvillalobos\Desktop\SIGECOdiskeFull1\Views\_ViewStart.cshtml
C:\Users\gvillalobos\Desktop\SIGECOdiskeFull1\web.config
C:\Users\gvillalobos\Desktop\SIGECOdiskeFull1\prjSIGECO.csproj
C:\Users\gvillalobos\Desktop\SIGECOdiskeFull1\wwwroot\css\ewpdf.css
C:\Users\gvillalobos\Desktop\SIGECOdiskeFull1\Models\HtmlToPdfBuilder.cs
C:\Users\gvillalobos\Desktop\SIGECOdiskeFull1\wwwroot\js\eweditor.js
C:\Users\gvillalobos\Desktop\SIGECOdiskeFull1\Controllers\ewcaptcha.cs
C:\Users\gvillalobos\Desktop\SIGECOdiskeFull1\Models\CaptchaImage.cs
C:\Users\gvillalobos\Desktop\SIGECO\wwwroot\bootstrap4\
C:\Users\gvillalobos\Desktop\SIGECO\wwwroot\colorbox\
C:\Users\gvillalobos\Desktop\SIGECO\wwwroot\adminlte3\
C:\Users\gvillalobos\Desktop\SIGECO\wwwroot\fonts\
C:\Users\gvillalobos\Desktop\SIGECO\wwwroot\plugins\
C:\Users\gvillalobos\Desktop\SIGECO\wwwroot\js\
C:\Users\gvillalobos\Desktop\SIGECO\wwwroot\moment\
C:\Users\gvillalobos\Desktop\SIGECO\wwwroot\js\jsrender.min.js
C:\Users\gvillalobos\Desktop\SIGECO\wwwroot\js\typeahead.jquery.js
C:\Users\gvillalobos\Desktop\SIGECO\wwwroot\js\mobile-detect.min.js
C:\Users\gvillalobos\Desktop\SIGECO\wwwroot\adminlte3\js\adminlte.js
C:\Users\gvillalobos\Desktop\SIGECO\wwwroot\css\jquery.fileupload.css
C:\Users\gvillalobos\Desktop\SIGECO\wwwroot\css\jquery.fileupload-ui.css
C:\Users\gvillalobos\Desktop\SIGECO\wwwroot\js\ew.js
C:\Users\gvillalobos\Desktop\SIGECO\wwwroot\html\
C:\Users\gvillalobos\Desktop\SIGECO\wwwroot\js\Mobile_Detect.json
C:\Users\gvillalobos\Desktop\SIGECO\wwwroot\js\bootstrap-datetimepicker.js
C:\Users\gvillalobos\Desktop\SIGECO\wwwroot\js\ewdatetimepicker.js
C:\Users\gvillalobos\Desktop\SIGECO\wwwroot\css\bootstrap-datetimepicker.scss
C:\Users\gvillalobos\Desktop\SIGECO\wwwroot\ckeditor\
C:\Users\gvillalobos\Desktop\SIGECO\Controllers\AntecedenteDentalcontroller.cs
C:\Users\gvillalobos\Desktop\SIGECO\Models\AntecedenteDentalinfo.cs
C:\Users\gvillalobos\Desktop\SIGECO\Views\Home\AntecedenteDentallist.cshtml
C:\Users\gvillalobos\Desktop\SIGECO\Models\AntecedenteDentallist.cs
C:\Users\gvillalobos\Desktop\SIGECO\Views\Home\AntecedenteDentaladd.cshtml
C:\Users\gvillalobos\Desktop\SIGECO\Models\AntecedenteDentaladd.cs
C:\Users\gvillalobos\Desktop\SIGECO\Views\Home\AntecedenteDentalview.cshtml
C:\Users\gvillalobos\Desktop\SIGECO\Models\AntecedenteDentalview.cs
C:\Users\gvillalobos\Desktop\SIGECO\Views\Home\AntecedenteDentaledit.cshtml
C:\Users\gvillalobos\Desktop\SIGECO\Models\AntecedenteDentaledit.cs
C:\Users\gvillalobos\Desktop\SIGECO\Views\Home\AntecedenteDentaldelete.cshtml
C:\Users\gvillalobos\Desktop\SIGECO\Models\AntecedenteDentaldelete.cs
C:\Users\gvillalobos\Desktop\SIGECO\Controllers\AntecedenteFamiliarcontroller.cs
C:\Users\gvillalobos\Desktop\SIGECO\Models\AntecedenteFamiliarinfo.cs
C:\Users\gvillalobos\Desktop\SIGECO\Views\Home\AntecedenteFamiliarlist.cshtml
C:\Users\gvillalobos\Desktop\SIGECO\Models\AntecedenteFamiliarlist.cs
C:\Users\gvillalobos\Desktop\SIGECO\Views\Home\AntecedenteFamiliaradd.cshtml
C:\Users\gvillalobos\Desktop\SIGECO\Models\AntecedenteFamiliaradd.cs
C:\Users\gvillalobos\Desktop\SIGECO\Views\Home\AntecedenteFamiliarview.cshtml
C:\Users\gvillalobos\Desktop\SIGECO\Models\AntecedenteFamiliarview.cs
C:\Users\gvillalobos\Desktop\SIGECO\Views\Home\AntecedenteFamiliaredit.cshtml
C:\Users\gvillalobos\Desktop\SIGECO\Models\AntecedenteFamiliaredit.cs
C:\Users\gvillalobos\Desktop\SIGECO\Views\Home\AntecedenteFamiliardelete.cshtml
C:\Users\gvillalobos\Desktop\SIGECO\Models\AntecedenteFamiliardelete.cs
C:\Users\gvillalobos\Desktop\SIGECO\Controllers\Catalogocontroller.cs
C:\Users\gvillalobos\Desktop\SIGECO\Models\Catalogoinfo.cs
C:\Users\gvillalobos\Desktop\SIGECO\Views\Home\Catalogomaster.cshtml
C:\Users\gvillalobos\Desktop\SIGECO\Views\Home\Catalogolist.cshtml
C:\Users\gvillalobos\Desktop\SIGECO\Models\Catalogolist.cs
C:\Users\gvillalobos\Desktop\SIGECO\Views\Home\Catalogoadd.cshtml
C:\Users\gvillalobos\Desktop\SIGECO\Models\Catalogoadd.cs
C:\Users\gvillalobos\Desktop\SIGECO\Views\Home\Catalogoview.cshtml
C:\Users\gvillalobos\Desktop\SIGECO\Models\Catalogoview.cs
C:\Users\gvillalobos\Desktop\SIGECO\Views\Home\Catalogoedit.cshtml
C:\Users\gvillalobos\Desktop\SIGECO\Models\Catalogoedit.cs
C:\Users\gvillalobos\Desktop\SIGECO\Views\Home\Catalogodelete.cshtml
C:\Users\gvillalobos\Desktop\SIGECO\Models\Catalogodelete.cs
C:\Users\gvillalobos\Desktop\SIGECO\Controllers\Citacontroller.cs
C:\Users\gvillalobos\Desktop\SIGECO\Models\Citainfo.cs
C:\Users\gvillalobos\Desktop\SIGECO\Views\Home\Citalist.cshtml
C:\Users\gvillalobos\Desktop\SIGECO\Models\Citalist.cs
C:\Users\gvillalobos\Desktop\SIGECO\Views\Home\Citaadd.cshtml
C:\Users\gvillalobos\Desktop\SIGECO\Models\Citaadd.cs
C:\Users\gvillalobos\Desktop\SIGECO\Views\Home\Citaview.cshtml
C:\Users\gvillalobos\Desktop\SIGECO\Models\Citaview.cs
C:\Users\gvillalobos\Desktop\SIGECO\Views\Home\Citaedit.cshtml
C:\Users\gvillalobos\Desktop\SIGECO\Models\Citaedit.cs
C:\Users\gvillalobos\Desktop\SIGECO\Views\Home\Citadelete.cshtml
C:\Users\gvillalobos\Desktop\SIGECO\Models\Citadelete.cs
C:\Users\gvillalobos\Desktop\SIGECO\Controllers\ExamenComplementariocontroller.cs
C:\Users\gvillalobos\Desktop\SIGECO\Models\ExamenComplementarioinfo.cs
C:\Users\gvillalobos\Desktop\SIGECO\Views\Home\ExamenComplementariolist.cshtml
C:\Users\gvillalobos\Desktop\SIGECO\Models\ExamenComplementariolist.cs
C:\Users\gvillalobos\Desktop\SIGECO\Views\Home\ExamenComplementarioadd.cshtml
C:\Users\gvillalobos\Desktop\SIGECO\Models\ExamenComplementarioadd.cs
C:\Users\gvillalobos\Desktop\SIGECO\Views\Home\ExamenComplementarioview.cshtml
C:\Users\gvillalobos\Desktop\SIGECO\Models\ExamenComplementarioview.cs
C:\Users\gvillalobos\Desktop\SIGECO\Views\Home\ExamenComplementarioedit.cshtml
C:\Users\gvillalobos\Desktop\SIGECO\Models\ExamenComplementarioedit.cs
C:\Users\gvillalobos\Desktop\SIGECO\Views\Home\ExamenComplementariodelete.cshtml
C:\Users\gvillalobos\Desktop\SIGECO\Models\ExamenComplementariodelete.cs
C:\Users\gvillalobos\Desktop\SIGECO\Controllers\Expedientecontroller.cs
C:\Users\gvillalobos\Desktop\SIGECO\Models\Expedienteinfo.cs
C:\Users\gvillalobos\Desktop\SIGECO\Views\Home\Expedientelist.cshtml
C:\Users\gvillalobos\Desktop\SIGECO\Models\Expedientelist.cs
C:\Users\gvillalobos\Desktop\SIGECO\Views\Home\Expedientegrid.cshtml
C:\Users\gvillalobos\Desktop\SIGECO\Models\Expedientegrid.cs
C:\Users\gvillalobos\Desktop\SIGECO\Views\Home\Expedienteadd.cshtml
C:\Users\gvillalobos\Desktop\SIGECO\Models\Expedienteadd.cs
C:\Users\gvillalobos\Desktop\SIGECO\Views\Home\Expedienteview.cshtml
C:\Users\gvillalobos\Desktop\SIGECO\Models\Expedienteview.cs
C:\Users\gvillalobos\Desktop\SIGECO\Views\Home\Expedienteedit.cshtml
C:\Users\gvillalobos\Desktop\SIGECO\Models\Expedienteedit.cs
C:\Users\gvillalobos\Desktop\SIGECO\Views\Home\Expedientedelete.cshtml
C:\Users\gvillalobos\Desktop\SIGECO\Models\Expedientedelete.cs
C:\Users\gvillalobos\Desktop\SIGECO\Controllers\Odontogramacontroller.cs
C:\Users\gvillalobos\Desktop\SIGECO\Models\Odontogramainfo.cs
C:\Users\gvillalobos\Desktop\SIGECO\Views\Home\Odontogramalist.cshtml
C:\Users\gvillalobos\Desktop\SIGECO\Models\Odontogramalist.cs
C:\Users\gvillalobos\Desktop\SIGECO\Views\Home\Odontogramaadd.cshtml
C:\Users\gvillalobos\Desktop\SIGECO\Models\Odontogramaadd.cs
C:\Users\gvillalobos\Desktop\SIGECO\Views\Home\Odontogramaview.cshtml
C:\Users\gvillalobos\Desktop\SIGECO\Models\Odontogramaview.cs
C:\Users\gvillalobos\Desktop\SIGECO\Views\Home\Odontogramaedit.cshtml
C:\Users\gvillalobos\Desktop\SIGECO\Models\Odontogramaedit.cs
C:\Users\gvillalobos\Desktop\SIGECO\Views\Home\Odontogramadelete.cshtml
C:\Users\gvillalobos\Desktop\SIGECO\Models\Odontogramadelete.cs
C:\Users\gvillalobos\Desktop\SIGECO\Controllers\Pacientecontroller.cs
C:\Users\gvillalobos\Desktop\SIGECO\Models\Pacienteinfo.cs
C:\Users\gvillalobos\Desktop\SIGECO\Views\Home\Pacientemaster.cshtml
C:\Users\gvillalobos\Desktop\SIGECO\Views\Home\Pacientelist.cshtml
C:\Users\gvillalobos\Desktop\SIGECO\Models\Pacientelist.cs
C:\Users\gvillalobos\Desktop\SIGECO\Views\Home\Pacienteadd.cshtml
C:\Users\gvillalobos\Desktop\SIGECO\Models\Pacienteadd.cs
C:\Users\gvillalobos\Desktop\SIGECO\Views\Home\Pacienteview.cshtml
C:\Users\gvillalobos\Desktop\SIGECO\Models\Pacienteview.cs
C:\Users\gvillalobos\Desktop\SIGECO\Views\Home\Pacienteedit.cshtml
C:\Users\gvillalobos\Desktop\SIGECO\Models\Pacienteedit.cs
C:\Users\gvillalobos\Desktop\SIGECO\Views\Home\Pacientedelete.cshtml
C:\Users\gvillalobos\Desktop\SIGECO\Models\Pacientedelete.cs
C:\Users\gvillalobos\Desktop\SIGECO\Controllers\Periodontogramacontroller.cs
C:\Users\gvillalobos\Desktop\SIGECO\Models\Periodontogramainfo.cs
C:\Users\gvillalobos\Desktop\SIGECO\Views\Home\Periodontogramalist.cshtml
C:\Users\gvillalobos\Desktop\SIGECO\Models\Periodontogramalist.cs
C:\Users\gvillalobos\Desktop\SIGECO\Views\Home\Periodontogramaadd.cshtml
C:\Users\gvillalobos\Desktop\SIGECO\Models\Periodontogramaadd.cs
C:\Users\gvillalobos\Desktop\SIGECO\Views\Home\Periodontogramaview.cshtml
C:\Users\gvillalobos\Desktop\SIGECO\Models\Periodontogramaview.cs
C:\Users\gvillalobos\Desktop\SIGECO\Views\Home\Periodontogramaedit.cshtml
C:\Users\gvillalobos\Desktop\SIGECO\Models\Periodontogramaedit.cs
C:\Users\gvillalobos\Desktop\SIGECO\Views\Home\Periodontogramadelete.cshtml
C:\Users\gvillalobos\Desktop\SIGECO\Models\Periodontogramadelete.cs
C:\Users\gvillalobos\Desktop\SIGECO\Controllers\Placagramacontroller.cs
C:\Users\gvillalobos\Desktop\SIGECO\Models\Placagramainfo.cs
C:\Users\gvillalobos\Desktop\SIGECO\Views\Home\Placagramalist.cshtml
C:\Users\gvillalobos\Desktop\SIGECO\Models\Placagramalist.cs
C:\Users\gvillalobos\Desktop\SIGECO\Views\Home\Placagramaadd.cshtml
C:\Users\gvillalobos\Desktop\SIGECO\Models\Placagramaadd.cs
C:\Users\gvillalobos\Desktop\SIGECO\Views\Home\Placagramaview.cshtml
C:\Users\gvillalobos\Desktop\SIGECO\Models\Placagramaview.cs
C:\Users\gvillalobos\Desktop\SIGECO\Views\Home\Placagramaedit.cshtml
C:\Users\gvillalobos\Desktop\SIGECO\Models\Placagramaedit.cs
C:\Users\gvillalobos\Desktop\SIGECO\Views\Home\Placagramadelete.cshtml
C:\Users\gvillalobos\Desktop\SIGECO\Models\Placagramadelete.cs
C:\Users\gvillalobos\Desktop\SIGECO\Controllers\Tratamientocontroller.cs
C:\Users\gvillalobos\Desktop\SIGECO\Models\Tratamientoinfo.cs
C:\Users\gvillalobos\Desktop\SIGECO\Views\Home\Tratamientolist.cshtml
C:\Users\gvillalobos\Desktop\SIGECO\Models\Tratamientolist.cs
C:\Users\gvillalobos\Desktop\SIGECO\Views\Home\Tratamientoadd.cshtml
C:\Users\gvillalobos\Desktop\SIGECO\Models\Tratamientoadd.cs
C:\Users\gvillalobos\Desktop\SIGECO\Views\Home\Tratamientoview.cshtml
C:\Users\gvillalobos\Desktop\SIGECO\Models\Tratamientoview.cs
C:\Users\gvillalobos\Desktop\SIGECO\Views\Home\Tratamientoedit.cshtml
C:\Users\gvillalobos\Desktop\SIGECO\Models\Tratamientoedit.cs
C:\Users\gvillalobos\Desktop\SIGECO\Views\Home\Tratamientodelete.cshtml
C:\Users\gvillalobos\Desktop\SIGECO\Models\Tratamientodelete.cs
C:\Users\gvillalobos\Desktop\SIGECO\Controllers\TratamientoRealizadocontroller.cs
C:\Users\gvillalobos\Desktop\SIGECO\Models\TratamientoRealizadoinfo.cs
C:\Users\gvillalobos\Desktop\SIGECO\Views\Home\TratamientoRealizadolist.cshtml
C:\Users\gvillalobos\Desktop\SIGECO\Models\TratamientoRealizadolist.cs
C:\Users\gvillalobos\Desktop\SIGECO\Views\Home\TratamientoRealizadoadd.cshtml
C:\Users\gvillalobos\Desktop\SIGECO\Models\TratamientoRealizadoadd.cs
C:\Users\gvillalobos\Desktop\SIGECO\Views\Home\TratamientoRealizadoview.cshtml
C:\Users\gvillalobos\Desktop\SIGECO\Models\TratamientoRealizadoview.cs
C:\Users\gvillalobos\Desktop\SIGECO\Views\Home\TratamientoRealizadoedit.cshtml
C:\Users\gvillalobos\Desktop\SIGECO\Models\TratamientoRealizadoedit.cs
C:\Users\gvillalobos\Desktop\SIGECO\Views\Home\TratamientoRealizadodelete.cshtml
C:\Users\gvillalobos\Desktop\SIGECO\Models\TratamientoRealizadodelete.cs
C:\Users\gvillalobos\Desktop\SIGECO\Controllers\Usuariocontroller.cs
C:\Users\gvillalobos\Desktop\SIGECO\Models\Usuarioinfo.cs
C:\Users\gvillalobos\Desktop\SIGECO\Views\Home\Usuariolist.cshtml
C:\Users\gvillalobos\Desktop\SIGECO\Models\Usuariolist.cs
C:\Users\gvillalobos\Desktop\SIGECO\Views\Home\Usuarioadd.cshtml
C:\Users\gvillalobos\Desktop\SIGECO\Models\Usuarioadd.cs
C:\Users\gvillalobos\Desktop\SIGECO\Views\Home\Usuarioview.cshtml
C:\Users\gvillalobos\Desktop\SIGECO\Models\Usuarioview.cs
C:\Users\gvillalobos\Desktop\SIGECO\Views\Home\Usuarioedit.cshtml
C:\Users\gvillalobos\Desktop\SIGECO\Models\Usuarioedit.cs
C:\Users\gvillalobos\Desktop\SIGECO\Views\Home\Usuariodelete.cshtml
C:\Users\gvillalobos\Desktop\SIGECO\Models\Usuariodelete.cs
C:\Users\gvillalobos\Desktop\SIGECO\Controllers\ValorCatalogocontroller.cs
C:\Users\gvillalobos\Desktop\SIGECO\Models\ValorCatalogoinfo.cs
C:\Users\gvillalobos\Desktop\SIGECO\Views\Home\ValorCatalogolist.cshtml
C:\Users\gvillalobos\Desktop\SIGECO\Models\ValorCatalogolist.cs
C:\Users\gvillalobos\Desktop\SIGECO\Views\Home\ValorCatalogogrid.cshtml
C:\Users\gvillalobos\Desktop\SIGECO\Models\ValorCatalogogrid.cs
C:\Users\gvillalobos\Desktop\SIGECO\Views\Home\ValorCatalogoadd.cshtml
C:\Users\gvillalobos\Desktop\SIGECO\Models\ValorCatalogoadd.cs
C:\Users\gvillalobos\Desktop\SIGECO\Views\Home\ValorCatalogoview.cshtml
C:\Users\gvillalobos\Desktop\SIGECO\Models\ValorCatalogoview.cs
C:\Users\gvillalobos\Desktop\SIGECO\Views\Home\ValorCatalogoedit.cshtml
C:\Users\gvillalobos\Desktop\SIGECO\Models\ValorCatalogoedit.cs
C:\Users\gvillalobos\Desktop\SIGECO\Views\Home\ValorCatalogodelete.cshtml
C:\Users\gvillalobos\Desktop\SIGECO\Models\ValorCatalogodelete.cs
C:\Users\gvillalobos\Desktop\SIGECO\Models\vwPacienteExpedienteinfo.cs
C:\Users\gvillalobos\Desktop\SIGECO\Models\ewcfg.cs
C:\Users\gvillalobos\Desktop\SIGECO\Models\ewexcelcfg.cs
C:\Users\gvillalobos\Desktop\SIGECO\Models\ewglobal.cs
C:\Users\gvillalobos\Desktop\SIGECO\Views\Shared\_Layout.cshtml
C:\Users\gvillalobos\Desktop\SIGECO\Views\Shared\ewmenu.cshtml
C:\Users\gvillalobos\Desktop\SIGECO\Models\ewmenu.cs
C:\Users\gvillalobos\Desktop\SIGECO\Models\aspnetfn.cs
C:\Users\gvillalobos\Desktop\SIGECO\Models\ewevent.cs
C:\Users\gvillalobos\Desktop\SIGECO\wwwroot\js\userfn.js
C:\Users\gvillalobos\Desktop\SIGECO\wwwroot\js\userevt.js
C:\Users\gvillalobos\Desktop\SIGECO\Models\FileViewer.cs
C:\Users\gvillalobos\Desktop\SIGECO\Models\Ewupload.cs
C:\Users\gvillalobos\Desktop\SIGECO\Views\Shared\ewemail.cshtml
C:\Users\gvillalobos\Desktop\SIGECO\Views\Home\PersonalData.cshtml
C:\Users\gvillalobos\Desktop\SIGECO\Models\PersonalData.cs
C:\Users\gvillalobos\Desktop\SIGECO\Views\Home\login.cshtml
C:\Users\gvillalobos\Desktop\SIGECO\Models\login.cs
C:\Users\gvillalobos\Desktop\SIGECO\Models\logout.cs
C:\Users\gvillalobos\Desktop\SIGECO\Views\Home\Index.cshtml
C:\Users\gvillalobos\Desktop\SIGECO\Models\Index.cs
C:\Users\gvillalobos\Desktop\SIGECO\Controllers\ewcontroller.cs
C:\Users\gvillalobos\Desktop\SIGECO\Controllers\apicontroller.cs
C:\Users\gvillalobos\Desktop\SIGECO\Views\Shared\Error.cshtml
C:\Users\gvillalobos\Desktop\SIGECO\Models\Error.cs
C:\Users\gvillalobos\Desktop\SIGECO\appsettings.json
C:\Users\gvillalobos\Desktop\SIGECO\appsettings.Development.json
C:\Users\gvillalobos\Desktop\SIGECO\Program.cs
C:\Users\gvillalobos\Desktop\SIGECO\Startup.cs
C:\Users\gvillalobos\Desktop\SIGECO\Properties\launchSettings.json
C:\Users\gvillalobos\Desktop\SIGECO\Views\_ViewImports.cshtml
C:\Users\gvillalobos\Desktop\SIGECO\Views\_ViewStart.cshtml
C:\Users\gvillalobos\Desktop\SIGECO\web.config
C:\Users\gvillalobos\Desktop\SIGECO\prjSIGECO.csproj
C:\Users\gvillalobos\Desktop\SIGECO\wwwroot\css\ewpdf.css
C:\Users\gvillalobos\Desktop\SIGECO\Models\HtmlToPdfBuilder.cs
C:\Users\gvillalobos\Desktop\SIGECO\wwwroot\js\eweditor.js
C:\Users\gvillalobos\Desktop\SIGECO\Controllers\ewcaptcha.cs
C:\Users\gvillalobos\Desktop\SIGECO\Models\CaptchaImage.cs
C:\Users\gvillalobos\Desktop\SIGECO\wwwroot\prjSIGECO\{9B083C8B-EE2F-4356-BE8D-9A26D5707365}.xml
C:\Users\gvillalobos\Desktop\SIGECOdiskeFull1\wwwroot\prjSIGECO\{9B083C8B-EE2F-4356-BE8D-9A26D5707365}.xml
